{"level":"info","message":"hi","timestamp":"2025-09-26 14:37:23"}
{"level":"info","message":"hi","timestamp":"2025-09-27 15:50:59"}
{"level":"info","message":"Seeding complete.","timestamp":"2025-09-27 15:57:10"}
{"level":"info","message":"Subjects:","timestamp":"2025-09-27 15:57:10"}
{"level":"info","message":"Flashcards:","timestamp":"2025-09-27 15:57:10"}
{"level":"info","message":"Quizzes:","timestamp":"2025-09-27 15:57:10"}
{"level":"info","message":"fetched all the products","timestamp":"2025-09-29 13:44:28"}
{"level":"info","message":"found the subject","timestamp":"2025-09-29 13:56:01"}
{"level":"info","message":"found the subject","timestamp":"2025-09-29 13:57:05"}
{"level":"info","message":"found the subject","timestamp":"2025-09-29 13:57:44"}
{"level":"error","message":"res.status(...).josn is not a function","stack":"TypeError: res.status(...).josn is not a function\n    at getSubjectByName (file:///C:/StudySpark/studyspark-server/controller/Subjectcontroller.js:23:32)\n    at process.processTicksAndRejections (node:internal/process/task_queues:105:5)","timestamp":"2025-09-29 13:57:44"}
{"level":"info","message":"found the subject","timestamp":"2025-09-29 13:58:53"}
{"level":"info","message":"found the subject","timestamp":"2025-09-29 14:00:12"}
{"level":"info","message":"fetched all the products","timestamp":"2025-09-30 12:05:44"}
{"level":"info","timestamp":"2025-09-30 12:14:54"}
{"level":"info","message":"Prospecting","timestamp":"2025-09-30 12:17:10"}
{"level":"info","message":"Prospecting","timestamp":"2025-09-30 12:19:17"}
{"level":"info","message":"got the subjectc Prospecting","timestamp":"2025-09-30 12:19:18"}
{"level":"info","message":"generated the flashcrads","timestamp":"2025-09-30 12:19:18"}
{"level":"info","message":"Prospecting","timestamp":"2025-09-30 13:25:35"}
{"level":"info","message":"got the subjectc Prospecting","timestamp":"2025-09-30 13:25:36"}
{"level":"info","message":"generated the Quizez","timestamp":"2025-09-30 13:25:36"}
{"level":"info","message":"Prospecting","timestamp":"2025-10-01 12:10:34"}
{"level":"info","message":"got the subjectc Prospecting","timestamp":"2025-10-01 12:10:34"}
{"level":"info","message":"generated the Quizez","timestamp":"2025-10-01 12:10:35"}
{"level":"error","message":"bcrypt is not defined","stack":"ReferenceError: bcrypt is not defined\n    at signup (file:///C:/StudySpark/studyspark-server/controller/authcontroler.js:22:30)\n    at process.processTicksAndRejections (node:internal/process/task_queues:105:5)","timestamp":"2025-10-29 15:50:17"}
{"_message":"User validation failed","errors":{"password":{"kind":"string","message":"Cast to string failed for value \"Promise { <pending> }\" (type Promise) at path \"password\"","name":"CastError","path":"password","reason":null,"stringValue":"\"Promise { <pending> }\"","value":{},"valueType":"Promise"}},"level":"error","message":"User validation failed: password: Cast to string failed for value \"Promise { <pending> }\" (type Promise) at path \"password\"","stack":"ValidationError: User validation failed: password: Cast to string failed for value \"Promise { <pending> }\" (type Promise) at path \"password\"\n    at Document.invalidate (C:\\StudySpark\\studyspark-server\\node_modules\\mongoose\\lib\\document.js:3358:32)\n    at model.$set (C:\\StudySpark\\studyspark-server\\node_modules\\mongoose\\lib\\document.js:1480:12)\n    at model.$set (C:\\StudySpark\\studyspark-server\\node_modules\\mongoose\\lib\\document.js:1132:16)\n    at model.Document (C:\\StudySpark\\studyspark-server\\node_modules\\mongoose\\lib\\document.js:178:12)\n    at model.Model (C:\\StudySpark\\studyspark-server\\node_modules\\mongoose\\lib\\model.js:127:12)\n    at new model (C:\\StudySpark\\studyspark-server\\node_modules\\mongoose\\lib\\model.js:4834:15)\n    at signup (file:///C:/StudySpark/studyspark-server/controller/authcontroler.js:24:23)\n    at process.processTicksAndRejections (node:internal/process/task_queues:105:5)","timestamp":"2025-10-29 15:50:50"}
{"level":"error","message":"user is not defined","stack":"ReferenceError: user is not defined\n    at signup (file:///C:/StudySpark/studyspark-server/controller/authcontroler.js:30:42)\n    at process.processTicksAndRejections (node:internal/process/task_queues:105:5)","timestamp":"2025-10-29 15:53:13"}
{"level":"error","message":"Email already exists","timestamp":"2025-10-29 15:53:56"}
{"level":"info","message":"User created successfully","timestamp":"2025-10-29 15:54:44"}
{"level":"error","message":"user is not defined","stack":"ReferenceError: user is not defined\n    at signup (file:///C:/StudySpark/studyspark-server/controller/authcontroler.js:37:20)\n    at process.processTicksAndRejections (node:internal/process/task_queues:105:5)","timestamp":"2025-10-29 15:54:44"}
{"level":"info","message":"User created successfully","timestamp":"2025-10-29 15:55:35"}
{"level":"error","message":"user is not defined","stack":"ReferenceError: user is not defined\n    at signup (file:///C:/StudySpark/studyspark-server/controller/authcontroler.js:37:20)\n    at process.processTicksAndRejections (node:internal/process/task_queues:105:5)","timestamp":"2025-10-29 15:55:35"}
{"level":"info","message":"User created successfully","timestamp":"2025-10-29 15:56:25"}
